C:\USERS\ASHWILLIAMS\DOCUMENTS\VISUAL STUDIO 2010\PROJECTS\HANOJUKAZ\DEBUG\HANOJUKAZ.EXE
C:\USERS\ASHWILLIAMS\DOCUMENTS\VISUAL STUDIO 2010\PROJECTS\HANOJUKAZ\DEBUG\HANOJUKAZ.ILK
C:\USERS\ASHWILLIAMS\DOCUMENTS\VISUAL STUDIO 2010\PROJECTS\HANOJUKAZ\DEBUG\HANOJUKAZ.PDB
C:\Users\AshWilliams\Documents\Visual Studio 2010\Projects\Hanojukaz\Hanojukaz\Debug\cl.command.1.tlog
C:\Users\AshWilliams\Documents\Visual Studio 2010\Projects\Hanojukaz\Hanojukaz\Debug\CL.read.1.tlog
C:\Users\AshWilliams\Documents\Visual Studio 2010\Projects\Hanojukaz\Hanojukaz\Debug\CL.write.1.tlog
C:\USERS\ASHWILLIAMS\DOCUMENTS\VISUAL STUDIO 2010\PROJECTS\HANOJUKAZ\HANOJUKAZ\DEBUG\HANOJUKAZ.EXE.EMBED.MANIFEST
C:\USERS\ASHWILLIAMS\DOCUMENTS\VISUAL STUDIO 2010\PROJECTS\HANOJUKAZ\HANOJUKAZ\DEBUG\HANOJUKAZ.EXE.EMBED.MANIFEST.RES
C:\USERS\ASHWILLIAMS\DOCUMENTS\VISUAL STUDIO 2010\PROJECTS\HANOJUKAZ\HANOJUKAZ\DEBUG\HANOJUKAZ.EXE.INTERMEDIATE.MANIFEST
C:\Users\AshWilliams\Documents\Visual Studio 2010\Projects\Hanojukaz\Hanojukaz\Debug\Hanojukaz_manifest.rc
C:\Users\AshWilliams\Documents\Visual Studio 2010\Projects\Hanojukaz\Hanojukaz\Debug\link.command.1.tlog
C:\Users\AshWilliams\Documents\Visual Studio 2010\Projects\Hanojukaz\Hanojukaz\Debug\link.read.1.tlog
C:\Users\AshWilliams\Documents\Visual Studio 2010\Projects\Hanojukaz\Hanojukaz\Debug\link.write.1.tlog
C:\Users\AshWilliams\Documents\Visual Studio 2010\Projects\Hanojukaz\Hanojukaz\Debug\link-cvtres.read.1.tlog
C:\Users\AshWilliams\Documents\Visual Studio 2010\Projects\Hanojukaz\Hanojukaz\Debug\link-cvtres.write.1.tlog
C:\Users\AshWilliams\Documents\Visual Studio 2010\Projects\Hanojukaz\Hanojukaz\Debug\mt.command.1.tlog
C:\Users\AshWilliams\Documents\Visual Studio 2010\Projects\Hanojukaz\Hanojukaz\Debug\mt.read.1.tlog
C:\Users\AshWilliams\Documents\Visual Studio 2010\Projects\Hanojukaz\Hanojukaz\Debug\mt.write.1.tlog
C:\Users\AshWilliams\Documents\Visual Studio 2010\Projects\Hanojukaz\Hanojukaz\Debug\rc.command.1.tlog
C:\Users\AshWilliams\Documents\Visual Studio 2010\Projects\Hanojukaz\Hanojukaz\Debug\rc.read.1.tlog
C:\Users\AshWilliams\Documents\Visual Studio 2010\Projects\Hanojukaz\Hanojukaz\Debug\rc.write.1.tlog
C:\Users\AshWilliams\Documents\Visual Studio 2010\Projects\Hanojukaz\Hanojukaz\Debug\vc100.idb
C:\USERS\ASHWILLIAMS\DOCUMENTS\VISUAL STUDIO 2010\PROJECTS\HANOJUKAZ\HANOJUKAZ\DEBUG\VC100.PDB
